proguard-project.txt
# To enable ProGuard in your project, edit project.properties
# to define the proguard.config property as described in that file.
#
# Add project specific ProGuard rules here.
# By default, the flags in this file are appended to flags specified
# in ${sdk.dir}/tools/proguard/proguard-android.txt
# You can edit the include path and order by changing the ProGuard
# include property in project.properties.
#
# For more details, see
#   http://developer.android.com/guide/developing/tools/proguard.html

# Add any project specific keep options here:

# If your project uses WebView with JS, uncomment the following
# and specify the fully qualified class name to the JavaScript interface
# class:
#-keepclassmembers class fqcn.of.javascript.interface.for.webview {
#   public *;
#}
-ignorewarnings 
-optimizationpasses 5  
-dontusemixedcaseclassnames  
-dontskipnonpubliclibraryclasses  
-dontpreverify  
-verbose  
-optimizations !code/simplification/arithmetic,!field/*,!class/merging/* 

-libraryjars libs/armeabi/libgetuiext.so
-libraryjars libs/bcprov-jdk14-131.jar
-libraryjars libs/commons-codec-1.7.jar
-libraryjars libs/commons-httpclient-3.0.jar
-libraryjars libs/commons-io-2.4.jar
-libraryjars libs/commons-lang3-3.1.jar
-libraryjars libs/commons-logging-1.1.1.jar
-libraryjars libs/commons-pool-1.5.5.jar
-libraryjars libs/fastjson-1.1.31.jar
-libraryjars libs/alipay_plugin.jar
-libraryjars libs/android-support-v4.jar
-libraryjars libs/GDTUnionSDK.4.8.519.min.jar
-libraryjars libs/GetuiExt-2.0.3.jar
-libraryjars libs/GetuiSDK2.7.0.0.jar
-libraryjars libs/gson-2.3.1.jar
-libraryjars libs/libammsdk.jar
-libraryjars libs/protobuf.jar
-libraryjars libs/open-client.jar
-libraryjars libs/umeng-analytics-v5.6.4.jar
-libraryjars libs/commons-logging-1.1.1.jar    #忽略jar包  
-libraryjars libs/alipaySDK-20150610.jar

-keep class com.alipay.android.app.IAlixPay{*;}
-keep class com.alipay.android.app.IAlixPay$Stub{*;}
-keep class com.alipay.android.app.IRemoteServiceCallback{*;}
-keep class com.alipay.android.app.IRemoteServiceCallback$Stub{*;}
-keep class com.alipay.sdk.app.PayTask{ public *;}
-keep class com.alipay.sdk.app.AuthTask{ public *;}


-keepclasseswithmembernames class * {
    native <methods>;
}

-keepclasseswithmembers class * {
    public <init>(android.content.Context, android.util.AttributeSet);
}

-keepclasseswithmembers class * {
    public <init>(android.content.Context, android.util.AttributeSet, int);
}

-keepclassmembers class * extends android.app.Activity {
   public void *(android.view.View);
}

-keepclassmembers enum * {
    public static **[] values();
    public static ** valueOf(java.lang.String);
}

-keep class * implements android.os.Parcelable {
  public static final android.os.Parcelable$Creator *;
}

-dontwarn org.apache.**                        #不警告此包  
-keep class org.apache.** {*;}                 #保留此包下代码不进行混淆  

-keep public class * extends android.app.Fragment  
-keep public class * extends android.app.Activity
-keep public class * extends android.app.Application
-keep public class * extends android.app.Service
-keep public class * extends android.content.BroadcastReceiver
-keep public class * extends android.content.ContentProvider
-keep public class * extends android.app.backup.BackupAgentHelper
-keep public class * extends android.preference.Preference
-keep public class * extends android.support.v4.**
-keep public class com.android.vending.licensing.ILicensingService

-dontwarn org.apache.**
-keep class org.apache.** {*;}
-keep class com.android.vending.licensing.ILicensingService  
-keep class android.support.v4.** { *; }    
-keep class org.apache.commons.net.** { *; }    
-keep class org.apache.http.** { *; }  
-keep class com.tencent.** { *; }    
-keep class org.xmlpull.** { *; }  
-keep class org.json.** { *; } 
-keep class com.alipay.android.app.** { *; }
-keep class javax.net.ssl.** { *; }
-keep class com.ruijie.wmc.** { *; }
-keep class com.igexin.sdk.** { *; }
-keep class com.qq.e.ads.** { *; }

-dontwarn net.youmi.android.**
-keep class net.youmi.android.** { *; }

-keep class com.umeng.** { *; }    
-keep class com.umeng.analytics.** { *; }    
-keep class com.umeng.common.** { *; }    
-keep class com.umeng.newxp.** { *; }
-keepattributes SourceFile,LineNumberTable
##---------------Begin: proguard configuration for Gson  ----------
# Gson uses generic type information stored in a class file when working with fields. Proguard
# removes such information by default, so configure it to keep all of it.
-keepattributes Signature  
# Gson specific classes
-keep class sun.misc.Unsafe { *; }
#-keep class com.google.gson.stream.** { *; }  
# Application classes that will be serialized/deserialized over Gson
-keep class com.xiaohong.kulian.bean.** { *; } 

##---------------End: proguard configuration for Gson  ----------