proguard/seeds.txt
com.xiaohong.kulian.R$anim: int show_in
com.xiaohong.kulian.R$anim: int show_out
com.xiaohong.kulian.R$array: int rating
com.xiaohong.kulian.R$attr: int borderRadius
com.xiaohong.kulian.R$attr: int number
com.xiaohong.kulian.R$attr: int prompt
com.xiaohong.kulian.R$attr: int type
com.xiaohong.kulian.R$color: int app_coin_num_color
com.xiaohong.kulian.R$color: int app_task_not_select_color
com.xiaohong.kulian.R$color: int app_task_select_color
com.xiaohong.kulian.R$color: int app_task_tab_color
com.xiaohong.kulian.R$color: int background_color
com.xiaohong.kulian.R$color: int banner_background
com.xiaohong.kulian.R$color: int black
com.xiaohong.kulian.R$color: int buy_coin_item_selected_color
com.xiaohong.kulian.R$color: int buy_coin_item_un_selected_black_color
com.xiaohong.kulian.R$color: int buy_coin_item_un_selected_blue_color
com.xiaohong.kulian.R$color: int comment_time_font_color
com.xiaohong.kulian.R$color: int connect_dialog_border
com.xiaohong.kulian.R$color: int connect_dialog_title_color
com.xiaohong.kulian.R$color: int connect_recommand_app_line_color
com.xiaohong.kulian.R$color: int current_link_wifi_hint_text_color
com.xiaohong.kulian.R$color: int divider_gray
com.xiaohong.kulian.R$color: int download_button_blue_color
com.xiaohong.kulian.R$color: int download_button_green_color
com.xiaohong.kulian.R$color: int download_button_yellow_color
com.xiaohong.kulian.R$color: int gray_1
com.xiaohong.kulian.R$color: int gray_2
com.xiaohong.kulian.R$color: int gray_3
com.xiaohong.kulian.R$color: int hot1
com.xiaohong.kulian.R$color: int hot2
com.xiaohong.kulian.R$color: int hot3
com.xiaohong.kulian.R$color: int hot4
com.xiaohong.kulian.R$color: int info_font_light_orange
com.xiaohong.kulian.R$dimen: int font_size_l
com.xiaohong.kulian.R$dimen: int font_size_m
com.xiaohong.kulian.R$dimen: int font_size_s
com.xiaohong.kulian.R$dimen: int height_large
com.xiaohong.kulian.R$dimen: int height_medium
com.xiaohong.kulian.R$dimen: int height_small
com.xiaohong.kulian.R$dimen: int home_icon_height
com.xiaohong.kulian.R$dimen: int home_icon_width
com.xiaohong.kulian.R$dimen: int image_height
com.xiaohong.kulian.R$dimen: int image_width
com.xiaohong.kulian.R$dimen: int indicator_size
com.xiaohong.kulian.R$dimen: int indicator_step_width
com.xiaohong.kulian.R$dimen: int space_large
com.xiaohong.kulian.R$dimen: int space_large_h
com.xiaohong.kulian.R$dimen: int space_medium
com.xiaohong.kulian.R$dimen: int space_medium_h
com.xiaohong.kulian.R$dimen: int space_small
com.xiaohong.kulian.R$dimen: int space_small_h
com.xiaohong.kulian.R$dimen: int width_large
com.xiaohong.kulian.R$dimen: int width_medium
com.xiaohong.kulian.R$dimen: int width_small
...
android.support.v4.widget.SearchViewCompat$SearchViewCompatImpl
android.support.v4.widget.SearchViewCompat$SearchViewCompatImpl: android.view.View newSearchView(android.content.Context)
android.support.v4.widget.SearchViewCompat$SearchViewCompatImpl: java.lang.Object newOnQueryTextListener(android.support.v4.widget.SearchViewCompat$OnQueryTextListenerCompat)
android.support.v4.widget.SearchViewCompat$SearchViewCompatImpl: void setOnQueryTextListener(java.lang.Object,java.lang.Object)
android.support.v4.widget.SearchViewCompat$SearchViewCompatStubImpl
android.support.v4.widget.SearchViewCompat$SearchViewCompatStubImpl: SearchViewCompat$SearchViewCompatStubImpl()
android.support.v4.widget.SearchViewCompat$SearchViewCompatStubImpl: android.view.View newSearchView(android.content.Context)
android.support.v4.widget.SearchViewCompat$SearchViewCompatStubImpl: java.lang.Object newOnQueryTextListener(android.support.v4.widget.SearchViewCompat$OnQueryTextListenerCompat)
android.support.v4.widget.SearchViewCompat$SearchViewCompatStubImpl: void setOnQueryTextListener(java.lang.Object,java.lang.Object)
android.support.v4.widget.SearchViewCompatHoneycomb
android.support.v4.widget.SearchViewCompatHoneycomb: SearchViewCompatHoneycomb()
android.support.v4.widget.SearchViewCompatHoneycomb: android.view.View newSearchView(android.content.Context)
android.support.v4.widget.SearchViewCompatHoneycomb: java.lang.Object newOnQueryTextListener(android.support.v4.widget.SearchViewCompatHoneycomb$OnQueryTextListenerCompatBridge)
android.support.v4.widget.SearchViewCompatHoneycomb: void setOnQueryTextListener(java.lang.Object,java.lang.Object)
android.support.v4.widget.SearchViewCompatHoneycomb$1
android.support.v4.widget.SearchViewCompatHoneycomb$1: android.support.v4.widget.SearchViewCompatHoneycomb$OnQueryTextListenerCompatBridge val$listener
android.support.v4.widget.SearchViewCompatHoneycomb$1: SearchViewCompatHoneycomb$1(android.support.v4.widget.SearchViewCompatHoneycomb$OnQueryTextListenerCompatBridge)
android.support.v4.widget.SearchViewCompatHoneycomb$1: boolean onQueryTextSubmit(java.lang.String)
android.support.v4.widget.SearchViewCompatHoneycomb$1: boolean onQueryTextChange(java.lang.String)
android.support.v4.widget.SearchViewCompatHoneycomb$OnQueryTextListenerCompatBridge
android.support.v4.widget.SearchViewCompatHoneycomb$OnQueryTextListenerCompatBridge: boolean onQueryTextSubmit(java.lang.String)
android.support.v4.widget.SearchViewCompatHoneycomb$OnQueryTextListenerCompatBridge: boolean onQueryTextChange(java.lang.String)