proguard/mapping.txt
com.xiaohong.kulian.R -> com.xiaohong.kulian.a:
com.xiaohong.kulian.R$styleable -> com.xiaohong.kulian.b:
    int[] BubbleTextView -> BubbleTextView
    int BubbleTextView_number -> BubbleTextView_number
    int[] Gallery -> Gallery
    int Gallery_android_galleryItemBackground -> Gallery_android_galleryItemBackground
    int[] RoundImageView -> RoundImageView
    int RoundImageView_borderRadius -> RoundImageView_borderRadius
    int RoundImageView_type -> RoundImageView_type
    int[] TitleSpinner -> TitleSpinner
    int TitleSpinner_prompt -> TitleSpinner_prompt
com.xiaohong.kulian.Session -> com.xiaohong.kulian.c:
    android.content.Context mContext -> b
    boolean isDebug -> a
    java.lang.String uid -> c
    java.lang.String screenSize -> d
    int osVersion -> e
    boolean isLogin -> f
    boolean isAutoClearCache -> g
    java.lang.String cid -> h
    java.lang.String cpid -> i
    java.lang.String debugType -> j
    int versionCode -> k
    java.lang.String packageName -> l
    java.lang.String versionName -> m
    java.lang.String appName -> n
    java.lang.String imei -> o
    java.lang.String sim -> p
    java.lang.String model -> q
    java.lang.String buildVersion -> r
    java.lang.String userName -> s
    java.lang.String password -> t
    boolean isUpdateAvailable -> u
    java.lang.String updateVersionName -> v
    int updateVersionCode -> w
    java.lang.String updateVersionDesc -> x
    java.lang.String updateUri -> y
    int updateLevel -> z
    long updateId -> A
    boolean isDeviceBinded -> B
    java.lang.String deviceId -> C
    int upgradeNumber -> D
    long updataCheckTime -> E
    int creditCardVersion -> F
    int lastVersion -> G
    long splashTime -> H
    long splashId -> I
    java.lang.Integer coinNum -> J
    java.util.ArrayList mInstalledApps -> K
    com.xiaohong.kulian.SessionManager mSessionManager -> L
    com.xiaohong.kulian.common.download.DownloadManager mDownloadManager -> M
    com.xiaohong.kulian.Session mInstance -> N
com.xiaohong.kulian.Session$1 -> com.xiaohong.kulian.d:
    com.xiaohong.kulian.Session this$0 -> a
    void handleMessage(android.os.Message) -> handleMessage
com.xiaohong.kulian.Session$2 -> com.xiaohong.kulian.e:
    com.xiaohong.kulian.Session this$0 -> a
    void onChange(boolean) -> onChange
com.xiaohong.kulian.Session$3 -> com.xiaohong.kulian.f:
    com.xiaohong.kulian.Session this$0 -> a
    void run() -> run
com.xiaohong.kulian.Session$DbStatusRefreshTask -> com.xiaohong.kulian.g:
    com.xiaohong.kulian.Session this$0 -> a
    void onQueryComplete(int,java.lang.Object,android.database.Cursor) -> onQueryComplete
com.xiaohong.kulian.Session$OnCoinUpdatedListener -> com.xiaohong.kulian.h:
    void onCoinUpdate(int) -> a
com.xiaohong.kulian.Session$ReportApiRequestListener -> com.xiaohong.kulian.i:
    com.xiaohong.kulian.Session this$0 -> a
    void onSuccess(int,java.lang.Object) -> a
    void onError(int,int) -> a
com.xiaohong.kulian.SessionManager -> com.xiaohong.kulian.j:
    com.xiaohong.kulian.SessionManager mInstance -> a
    android.content.SharedPreferences mPreference -> b
    android.content.Context mContext -> c
    java.util.LinkedList mUpdateQueue -> d
    java.lang.Thread mCurrentUpdateThread -> e
    java.lang.reflect.Method sApplyMethod -> f
    com.xiaohong.kulian.SessionManager get(android.content.Context) -> a
    java.lang.reflect.Method findApplyMethod() -> c
    void apply(android.content.SharedPreferences$Editor) -> a
    boolean isPreferenceNull() -> d
    void update(java.util.Observable,java.lang.Object) -> update
    void writePreferenceSlowly() -> e
    void writePreferenceQuickly() -> a
    void writePreference() -> f
    java.util.HashMap readPreference() -> b
    void access$0(com.xiaohong.kulian.SessionManager) -> a
...
com.igexin.push.core.d.g -> com.igexin.push.core.e.g:
    void a() -> b
    void a(byte[]) -> a
    int b() -> a
com.igexin.push.core.d.h -> com.igexin.push.core.e.h:
    android.content.Context a -> a
    com.igexin.push.core.bean.e b -> b
    boolean c -> c
    int d -> d
    void run() -> run
    boolean a(java.lang.String,java.lang.String,java.lang.String) -> a
com.igexin.push.core.d.i -> com.igexin.push.core.e.i:
    int b() -> a
    void a(java.lang.String,boolean) -> a
    void a(byte[]) -> a
com.igexin.push.core.d.j -> com.igexin.push.core.e.j:
    boolean a -> f
    void a(byte[],int) -> a
    int b() -> a
    void a(byte[]) -> a
com.igexin.push.core.d.k -> com.igexin.push.core.e.k:
    void a(byte[],int) -> a
    int b() -> a
    void a(byte[]) -> a
com.igexin.push.core.e -> com.igexin.push.core.e:
    java.lang.String a -> a
    void handleMessage(android.os.Message) -> handleMessage
com.igexin.push.core.f -> com.igexin.push.core.f:
    android.content.Context a -> a
    com.igexin.push.core.h b -> b
    android.os.Handler c -> c
    java.util.concurrent.ConcurrentLinkedQueue d -> d
    com.igexin.push.core.a.e e -> e
    android.net.ConnectivityManager f -> f
    com.igexin.a.a.b.d g -> g
    com.igexin.a.a.b.c h -> h
    com.igexin.push.d.j i -> i
    com.igexin.push.d.c j -> j
    com.igexin.push.b.b k -> k
    com.igexin.push.core.f l -> l
    java.util.concurrent.atomic.AtomicBoolean m -> m
    com.igexin.push.core.f a() -> c
    boolean a(android.os.Message) -> a
    boolean a(android.content.Intent) -> a
    void b() -> d
    com.igexin.push.e.b.a c() -> e
    void d() -> f
    void q() -> p
    boolean a(boolean) -> a
    boolean a(java.lang.String) -> a
    boolean b(java.lang.String) -> b
    void e() -> g
    void a(com.igexin.push.core.e) -> a
    com.igexin.a.a.b.c f() -> h
    com.igexin.push.d.j g() -> i
    com.igexin.push.d.c h() -> j
    com.igexin.push.core.a.e i() -> k
    android.net.ConnectivityManager j() -> l
    com.igexin.push.b.b k() -> m
    boolean a(com.igexin.push.e.b.f) -> a
    boolean r() -> q
    java.lang.String m() -> n
    boolean a(com.igexin.a.a.d.a.f,com.igexin.a.a.d.e) -> a
    boolean a(com.igexin.a.a.d.d,com.igexin.a.a.d.e) -> a
    boolean n() -> a
    long o() -> b
    boolean p() -> o
com.igexin.push.core.g -> com.igexin.push.core.g:
    java.lang.String a -> a
    java.lang.String b -> b
    java.lang.String c -> c
    java.lang.String d -> d
    java.lang.String e -> e
    boolean f -> f
    android.content.Context g -> g
    java.util.concurrent.atomic.AtomicBoolean h -> h
    boolean i -> i
    boolean j -> j
    boolean k -> k
    boolean l -> l
    boolean m -> m
    boolean n -> n
    boolean o -> o
    int p -> p
    int q -> q
    long r -> r
    java.lang.String s -> s
    java.lang.String t -> t
    java.lang.String u -> u
    java.lang.String v -> v
    java.lang.String w -> w
    java.lang.String x -> x
    java.lang.String y -> y
    java.lang.String z -> z
    java.lang.String A -> A
    java.lang.String B -> B
    java.lang.String C -> C
    long D -> D
    long E -> E
    long F -> F
    long G -> G
    long H -> H
    long I -> I
    long J -> J
    long K -> K
    long L -> L
    java.lang.String M -> M
    boolean N -> N
    long O -> O
    long P -> P
    long Q -> Q
    long R -> R
    java.lang.String S -> S
    long T -> T
    int U -> U
    long V -> V
    java.lang.String W -> W
    java.lang.String X -> X
    java.lang.String Y -> Y
    java.lang.String Z -> Z
    java.lang.String aa -> aa
    java.lang.String ab -> ab
    java.lang.String ac -> ac
    java.lang.String ad -> ad
    byte[] ae -> ae
    boolean af -> af
    boolean ag -> ag
    boolean ah -> ah
com.igexin.push.core.h -> com.igexin.push.core.h:
    void run() -> run