proguard/usage.txt
com.xiaohong.kulian.BuildConfig
com.xiaohong.kulian.Constants
com.xiaohong.kulian.Manifest
com.xiaohong.kulian.Manifest$permission
com.xiaohong.kulian.R:
    10:10:public R()
com.xiaohong.kulian.R$anim
com.xiaohong.kulian.R$array
com.xiaohong.kulian.R$attr
com.xiaohong.kulian.R$color
com.xiaohong.kulian.R$dimen
com.xiaohong.kulian.R$drawable
com.xiaohong.kulian.R$id
com.xiaohong.kulian.R$layout
com.xiaohong.kulian.R$menu
com.xiaohong.kulian.R$string
com.xiaohong.kulian.R$style
com.xiaohong.kulian.R$styleable:
    1269:1269:public R$styleable()
com.xiaohong.kulian.R$xml
com.xiaohong.kulian.Session:
    private static final java.lang.String TAG
    private java.lang.String userAgent
    private java.lang.String macAddress
    private static final int CURSOR_CREATED
    private static final int CURSOR_CHANGED
    private static final int CURSOR_UPDATE
    private static final int UPDATE_LIST
    320:320:public int isFilterApps()
    331:331:public java.lang.String getUid()
    349:349:public java.lang.String getScreenSize()
    363:363:public int getOsVersion()
    367:377:public java.lang.String getJavaApiUserAgent()
    381:381:public java.lang.String getUCenterApiUserAgent()
    421:424:public java.lang.String getCid()
    463:466:public java.lang.String getSim()
    470:475:public java.lang.String getMac()
    540:540:public boolean isUpdateAvailable()
    550:550:public java.lang.String getUpdateVersionName()
    554:554:public int getUpdateVersionCode()
    566:566:public int getUpdateLevel()
    609:609:public java.lang.String getBuildVersion()
    620:620:public boolean isDeviceBinded()
    626:633:public void setDeviceBinded(boolean)
    636:636:public java.lang.String getDeviceId()
    641:644:public void setDeviceId(java.lang.String)
    663:663:public long getUpdataCheckTime()
    679:679:public int getCreditCardVersion()
    685:692:public void setCreditCardVersion(int)
    695:695:public java.lang.String getDebugType()
    748:748:public int getLastVersion()
com.xiaohong.kulian.Session$DbStatusRefreshTask:
    private static final int DOWNLOAD
    private static final int UPDATE
com.xiaohong.kulian.Session$QueryRunningAppThread
com.xiaohong.kulian.SessionManager:
    public static final java.lang.String P_ISLOGIN
    public static final java.lang.String P_MARKET_USERNAME
    public static final java.lang.String P_MARKET_PASSWORD
    public static final java.lang.String P_REMEMBER_PASSWORD
    public static final java.lang.String P_UID
    public static final java.lang.String P_SCREEN_SIZE
    public static final java.lang.String P_OS_VERSION
    public static final java.lang.String P_CARD_VERSION
    public static final java.lang.String P_CATEGORY_VERSION
    public static final java.lang.String P_UPGRADE_NUM
    public static final java.lang.String P_CLEAR_CACHE
    public static final java.lang.String P_USER_COOKIES
    public static final java.lang.String P_NO_APP_FILTER
    public static final java.lang.String P_UPDATE_AVAILABIE
    public static final java.lang.String P_UPDATE_VERSION_CODE
    public static final java.lang.String P_UPDATE_DESC
    public static final java.lang.String P_UPDATE_URI
    public static final java.lang.String P_UPDATE_VERSION_NAME
    public static final java.lang.String P_UPDATE_LEVEL
    public static final java.lang.String P_PRODUCT_UPDATE_CHECK_TIMESTAMP
    public static final java.lang.String P_UPDATE_ID
    public static final java.lang.String P_LPNS_BINDED_DEVID
    public static final java.lang.String P_LPNS_IS_BINDED
    public static final java.lang.String P_DEFAULT_CHARGE_TYPE
com.xiaohong.kulian.WifiKulianApp:
    private static final java.lang.String TAG
com.xiaohong.kulian.adapter.ConnectionAppGridAdapter:
    48:49:public void setList_result(java.util.List)
com.xiaohong.kulian.adapter.MessageListAdapter:
    private static final java.lang.String TAG
...
com.qq.e.comm.managers.setting.SM:
    public void setDEVCodeSetting(java.lang.String,java.lang.Object)
    public void setDEVCodeSetting(java.lang.String,java.lang.Object,java.lang.String)
    public java.lang.Object get(java.lang.String)
    public java.lang.Object getForPlacement(java.lang.String,java.lang.String)
    public java.lang.String getString(java.lang.String)
    public java.lang.String getStringForPlacement(java.lang.String,java.lang.String)
    public int getInteger(java.lang.String,int)
    public int getIntegerForPlacement(java.lang.String,java.lang.String,int)
com.qq.e.comm.managers.setting.a:
    final java.lang.Object a(java.lang.String)
    final java.lang.Object a(java.lang.String,java.lang.String)
    final void a(java.lang.String,java.lang.Object)
    final void a(java.lang.String,java.lang.Object,java.lang.String)
com.qq.e.comm.managers.setting.c:
    final java.lang.Object a(java.lang.String)
com.qq.e.comm.managers.status.Carrier
com.qq.e.comm.managers.status.DeviceStatus:
    private java.lang.String a
    public float getLocationAccuracy()
    public java.lang.String getUid()
    public com.qq.e.comm.managers.status.Carrier getCarrier()
com.qq.e.comm.managers.status.NetworkType:
    public final int getPermValue()
com.qq.e.comm.managers.status.SDKStatus:
    public SDKStatus()
    public static final int getSDKVersionCode()
com.qq.e.comm.net.NetworkClient:
    public abstract void submit(com.qq.e.comm.net.rr.Request,com.qq.e.comm.net.NetworkCallBack)
com.qq.e.comm.net.NetworkClientImpl:
    public void submit(com.qq.e.comm.net.rr.Request,com.qq.e.comm.net.NetworkCallBack)
com.qq.e.comm.net.rr.AbstractRequest:
    private int b
    public void addHeader(java.lang.String,java.lang.String)
    public void setConnectionTimeOut(int)
    public void setSocketTimeOut(int)
    public int getPriority()
    public void setPriority(int)
    public void setAutoClose(boolean)
com.qq.e.comm.net.rr.Request:
    public abstract int getPriority()
    public abstract void setConnectionTimeOut(int)
    public abstract void setSocketTimeOut(int)
    public abstract java.lang.String getUrl()
    public abstract void addHeader(java.lang.String,java.lang.String)
    public abstract java.util.Map getQuerys()
com.qq.e.comm.net.rr.Response:
    public abstract java.lang.String getStringContent(java.lang.String)
    public abstract byte[] getBytesContent()
com.qq.e.comm.pi.ACTD:
    public static final java.lang.String DELEGATE_NAME_KEY
    public static final java.lang.String APPID_KEY
com.qq.e.comm.pi.AWI:
    public abstract void setDownAPPConfirmPolicy(com.qq.e.ads.cfg.DownAPPConfirmPolicy)
com.qq.e.comm.pi.GWI:
    public abstract com.qq.e.ads.appwall.GridAPPWallListener getAdListener()
    public abstract void setDownAPPConfirmPolicy(com.qq.e.ads.cfg.DownAPPConfirmPolicy)
com.qq.e.comm.pi.IADI:
    public abstract void setDownAPPConfirmPolicy(com.qq.e.ads.cfg.DownAPPConfirmPolicy)
com.qq.e.comm.pi.POFactory:
    public abstract com.qq.e.comm.pi.SPVI getSplashAdView(android.content.Context,java.lang.String,java.lang.String)
com.qq.e.comm.pi.SPVI
com.qq.e.comm.services.RetCodeService$1
com.qq.e.comm.services.RetCodeService$Holder:
    private RetCodeService$Holder()
com.qq.e.comm.util.FileUtil:
    public FileUtil()
    public static java.lang.String getFileName(java.lang.String)
    public static java.lang.String getTempFileName(java.lang.String)
com.qq.e.comm.util.GDTLogger:
    public static final boolean DEBUG_ENABLE
    public GDTLogger()
com.qq.e.comm.util.Md5Util:
    public Md5Util()
    public static byte[] hexStringtoByteArray(java.lang.String)
    public static java.lang.String encodeBase64String(java.lang.String)
com.qq.e.comm.util.StringUtil:
    public StringUtil()
    public static java.lang.String join(java.lang.String,java.lang.String[])
u.aly.a:
    81:82:public void a(u.aly.ba)